/usr/bin/ld: /usr/lib/gcc/x86_64-linux-gnu/8/../../../x86_64-linux-gnu/Scrt1.o: in function `_start':
(.text+0x24): undefined reference to `main'
/usr/bin/ld: .smake/build/common.o: in function `mercury::Logger::_ows_error()':
common.cpp:(.text._ZN7mercury6Logger10_ows_errorEv[_ZN7mercury6Logger10_ows_errorEv]+0x26): undefined reference to `wattr_on'
/usr/bin/ld: common.cpp:(.text._ZN7mercury6Logger10_ows_errorEv[_ZN7mercury6Logger10_ows_errorEv]+0x48): undefined reference to `wattr_off'
/usr/bin/ld: .smake/build/init.o: in function `mercury::mouse_button_callback(GLFWwindow*, int, int, int)':
init.cpp:(.text+0xe2): undefined reference to `glfwGetCursorPos'
/usr/bin/ld: .smake/build/init.o: in function `mercury::mk_win(char const*, float, float)':
init.cpp:(.text+0x3cc): undefined reference to `glfwCreateWindow'
/usr/bin/ld: init.cpp:(.text+0x3dc): undefined reference to `glfwTerminate'
/usr/bin/ld: init.cpp:(.text+0x3fb): undefined reference to `glfwSetFramebufferSizeCallback'
/usr/bin/ld: init.cpp:(.text+0x40e): undefined reference to `glfwSetMouseButtonCallback'
/usr/bin/ld: init.cpp:(.text+0x419): undefined reference to `mouse_callback(GLFWwindow*, double, double)'
/usr/bin/ld: init.cpp:(.text+0x424): undefined reference to `glfwSetCursorPosCallback'
/usr/bin/ld: .smake/build/init.o: in function `mercury::WindowManager::set_wcontext(unsigned long)':
init.cpp:(.text+0x4d8): undefined reference to `glfwMakeContextCurrent'
/usr/bin/ld: init.cpp:(.text+0x4f3): undefined reference to `glfwGetWindowSize'
/usr/bin/ld: .smake/build/init.o: in function `mercury::_load_font(std::unordered_map<char, mercury::Char, std::hash<char>, std::equal_to<char>, std::allocator<std::pair<char const, mercury::Char> > >*)':
init.cpp:(.text+0x6f5): undefined reference to `FT_Init_FreeType'
/usr/bin/ld: init.cpp:(.text+0x74f): undefined reference to `FT_New_Face'
/usr/bin/ld: init.cpp:(.text+0x7c4): undefined reference to `FT_Set_Pixel_Sizes'
/usr/bin/ld: init.cpp:(.text+0x802): undefined reference to `FT_Load_Char'
/usr/bin/ld: init.cpp:(.text+0x9f2): undefined reference to `FT_Done_Face'
/usr/bin/ld: init.cpp:(.text+0x9fe): undefined reference to `FT_Done_FreeType'
/usr/bin/ld: .smake/build/init.o: in function `mercury::WindowManager::render(unsigned long)':
init.cpp:(.text+0x11bd): undefined reference to `glfwSwapBuffers'
/usr/bin/ld: init.cpp:(.text+0x11c2): undefined reference to `glfwPollEvents'
/usr/bin/ld: .smake/build/init.o: in function `mercury::WindowManager::close_all()':
init.cpp:(.text+0x1331): undefined reference to `glfwSetWindowShouldClose'
/usr/bin/ld: .smake/build/init.o: in function `mercury::load_glfw()':
init.cpp:(.text+0x1348): undefined reference to `glfwInit'
/usr/bin/ld: init.cpp:(.text+0x1357): undefined reference to `glfwWindowHint'
/usr/bin/ld: init.cpp:(.text+0x1366): undefined reference to `glfwWindowHint'
/usr/bin/ld: init.cpp:(.text+0x1375): undefined reference to `glfwWindowHint'
/usr/bin/ld: init.cpp:(.text+0x1384): undefined reference to `glfwWindowHint'
/usr/bin/ld: .smake/build/init.o: in function `mercury::load_glad()':
init.cpp:(.text+0x1396): undefined reference to `glfwGetProcAddress'
/usr/bin/ld: init.cpp:(.text+0x13b8): undefined reference to `glfwTerminate'
/usr/bin/ld: .smake/build/init.o: in function `mercury::{lambda()#2}::operator()() const':
init.cpp:(.text+0x1810): undefined reference to `glfwSetInputMode'
/usr/bin/ld: .smake/build/init.o: in function `mercury::Logger::_ows_fatal_error()':
init.cpp:(.text._ZN7mercury6Logger16_ows_fatal_errorEv[_ZN7mercury6Logger16_ows_fatal_errorEv]+0x26): undefined reference to `wattr_on'
/usr/bin/ld: init.cpp:(.text._ZN7mercury6Logger16_ows_fatal_errorEv[_ZN7mercury6Logger16_ows_fatal_errorEv]+0x48): undefined reference to `wattr_off'
/usr/bin/ld: .smake/build/init.o: in function `mercury::Logger::_ows_ok()':
init.cpp:(.text._ZN7mercury6Logger7_ows_okEv[_ZN7mercury6Logger7_ows_okEv]+0x26): undefined reference to `wattr_on'
/usr/bin/ld: init.cpp:(.text._ZN7mercury6Logger7_ows_okEv[_ZN7mercury6Logger7_ows_okEv]+0x48): undefined reference to `wattr_off'
/usr/bin/ld: .smake/build/init.o: in function `mercury::Logger::_ows_warn()':
init.cpp:(.text._ZN7mercury6Logger9_ows_warnEv[_ZN7mercury6Logger9_ows_warnEv]+0x26): undefined reference to `wattr_on'
/usr/bin/ld: init.cpp:(.text._ZN7mercury6Logger9_ows_warnEv[_ZN7mercury6Logger9_ows_warnEv]+0x48): undefined reference to `wattr_off'
/usr/bin/ld: .smake/build/init.o: in function `mercury::Logger::_ows_notify()':
init.cpp:(.text._ZN7mercury6Logger11_ows_notifyEv[_ZN7mercury6Logger11_ows_notifyEv]+0x26): undefined reference to `wattr_on'
/usr/bin/ld: init.cpp:(.text._ZN7mercury6Logger11_ows_notifyEv[_ZN7mercury6Logger11_ows_notifyEv]+0x48): undefined reference to `wattr_off'
/usr/bin/ld: .smake/build/init.o: in function `mercury::Logger::start()':
init.cpp:(.text._ZN7mercury6Logger5startEv[_ZN7mercury6Logger5startEv]+0x24): undefined reference to `init_pair'
/usr/bin/ld: init.cpp:(.text._ZN7mercury6Logger5startEv[_ZN7mercury6Logger5startEv]+0x38): undefined reference to `init_pair'
/usr/bin/ld: init.cpp:(.text._ZN7mercury6Logger5startEv[_ZN7mercury6Logger5startEv]+0x4c): undefined reference to `init_pair'
/usr/bin/ld: init.cpp:(.text._ZN7mercury6Logger5startEv[_ZN7mercury6Logger5startEv]+0x60): undefined reference to `init_pair'
/usr/bin/ld: init.cpp:(.text._ZN7mercury6Logger5startEv[_ZN7mercury6Logger5startEv]+0x74): undefined reference to `init_pair'
/usr/bin/ld: .smake/build/init.o: in function `mercury::Logger::fatal_error(char const*)':
init.cpp:(.text._ZN7mercury6Logger11fatal_errorEPKc[_ZN7mercury6Logger11fatal_errorEPKc]+0xa1): undefined reference to `stdscr'
/usr/bin/ld: init.cpp:(.text._ZN7mercury6Logger11fatal_errorEPKc[_ZN7mercury6Logger11fatal_errorEPKc]+0xa9): undefined reference to `wgetch'
/usr/bin/ld: init.cpp:(.text._ZN7mercury6Logger11fatal_errorEPKc[_ZN7mercury6Logger11fatal_errorEPKc]+0xae): undefined reference to `endwin'
/usr/bin/ld: .smake/build/model.o: in function `mercury::Model::_load(std::__cxx11::basic_string<char, std::char_traits<char>, std::allocator<char> > const&)':
model.cpp:(.text+0x1c15e): undefined reference to `Assimp::Importer::Importer()'
/usr/bin/ld: model.cpp:(.text+0x1c1be): undefined reference to `Assimp::Importer::GetErrorString() const'
/usr/bin/ld: model.cpp:(.text+0x1c267): undefined reference to `Assimp::Importer::~Importer()'
/usr/bin/ld: model.cpp:(.text+0x1c28e): undefined reference to `Assimp::Importer::~Importer()'
/usr/bin/ld: .smake/build/model.o: in function `Assimp::Importer::ReadFile(std::__cxx11::basic_string<char, std::char_traits<char>, std::allocator<char> > const&, unsigned int)':
model.cpp:(.text._ZN6Assimp8Importer8ReadFileERKNSt7__cxx1112basic_stringIcSt11char_traitsIcESaIcEEEj[_ZN6Assimp8Importer8ReadFileERKNSt7__cxx1112basic_stringIcSt11char_traitsIcESaIcEEEj]+0x34): undefined reference to `Assimp::Importer::ReadFile(char const*, unsigned int)'
/usr/bin/ld: .smake/build/model.o: in function `aiMaterial::GetTexture(aiTextureType, unsigned int, aiString*, aiTextureMapping*, unsigned int*, float*, aiTextureOp*, aiTextureMapMode*) const':
model.cpp:(.text._ZNK10aiMaterial10GetTextureE13aiTextureTypejP8aiStringP16aiTextureMappingPjPfP11aiTextureOpP16aiTextureMapMode[_ZNK10aiMaterial10GetTextureE13aiTextureTypejP8aiStringP16aiTextureMappingPjPfP11aiTextureOpP16aiTextureMapMode]+0x4d): undefined reference to `aiGetMaterialTexture'
/usr/bin/ld: .smake/build/model.o: in function `aiMaterial::GetTextureCount(aiTextureType) const':
model.cpp:(.text._ZNK10aiMaterial15GetTextureCountE13aiTextureType[_ZNK10aiMaterial15GetTextureCountE13aiTextureType]+0x20): undefined reference to `aiGetMaterialTextureCount'
/usr/bin/ld: .smake/build/monitors.o: in function `mercury::tui::_tui_struct::init()':
monitors.cpp:(.text+0x37f): undefined reference to `initscr'
/usr/bin/ld: monitors.cpp:(.text+0x384): undefined reference to `noecho'
/usr/bin/ld: monitors.cpp:(.text+0x38e): undefined reference to `curs_set'
/usr/bin/ld: monitors.cpp:(.text+0x393): undefined reference to `start_color'
/usr/bin/ld: monitors.cpp:(.text+0x3ac): undefined reference to `newwin'
/usr/bin/ld: monitors.cpp:(.text+0x3c6): undefined reference to `newpad'
/usr/bin/ld: monitors.cpp:(.text+0x3e6): undefined reference to `keypad'
/usr/bin/ld: monitors.cpp:(.text+0x3fb): undefined reference to `scrollok'
/usr/bin/ld: monitors.cpp:(.text+0x410): undefined reference to `nodelay'
/usr/bin/ld: monitors.cpp:(.text+0x429): undefined reference to `newwin'
/usr/bin/ld: monitors.cpp:(.text+0x44d): undefined reference to `newwin'
/usr/bin/ld: monitors.cpp:(.text+0x471): undefined reference to `newwin'
/usr/bin/ld: monitors.cpp:(.text+0x495): undefined reference to `newwin'
/usr/bin/ld: monitors.cpp:(.text+0x4b9): undefined reference to `newwin'
/usr/bin/ld: .smake/build/monitors.o:monitors.cpp:(.text+0x4dd): more undefined references to `newwin' follow
/usr/bin/ld: .smake/build/monitors.o: in function `mercury::tui::_tui_struct::init()':
monitors.cpp:(.text+0x54a): undefined reference to `box'
/usr/bin/ld: monitors.cpp:(.text+0x55a): undefined reference to `wrefresh'
/usr/bin/ld: monitors.cpp:(.text+0x574): undefined reference to `box'
/usr/bin/ld: monitors.cpp:(.text+0x584): undefined reference to `wrefresh'
/usr/bin/ld: monitors.cpp:(.text+0x59e): undefined reference to `box'
/usr/bin/ld: monitors.cpp:(.text+0x5ae): undefined reference to `wrefresh'
/usr/bin/ld: monitors.cpp:(.text+0x5c8): undefined reference to `box'
/usr/bin/ld: monitors.cpp:(.text+0x5fa): undefined reference to `mvwprintw'
/usr/bin/ld: monitors.cpp:(.text+0x60a): undefined reference to `wrefresh'
/usr/bin/ld: monitors.cpp:(.text+0x624): undefined reference to `box'
/usr/bin/ld: monitors.cpp:(.text+0x656): undefined reference to `mvwprintw'
/usr/bin/ld: monitors.cpp:(.text+0x666): undefined reference to `wrefresh'
/usr/bin/ld: monitors.cpp:(.text+0x680): undefined reference to `box'
/usr/bin/ld: monitors.cpp:(.text+0x6b2): undefined reference to `mvwprintw'
/usr/bin/ld: monitors.cpp:(.text+0x6c2): undefined reference to `wrefresh'
/usr/bin/ld: monitors.cpp:(.text+0x6dc): undefined reference to `box'
/usr/bin/ld: monitors.cpp:(.text+0x70e): undefined reference to `mvwprintw'
/usr/bin/ld: monitors.cpp:(.text+0x71e): undefined reference to `wrefresh'
/usr/bin/ld: .smake/build/monitors.o: in function `mercury::tui::_tui_struct::deinit()':
monitors.cpp:(.text+0x8c2): undefined reference to `delwin'
/usr/bin/ld: monitors.cpp:(.text+0x8d2): undefined reference to `delwin'
/usr/bin/ld: monitors.cpp:(.text+0x8e2): undefined reference to `delwin'
/usr/bin/ld: monitors.cpp:(.text+0x8f2): undefined reference to `delwin'
/usr/bin/ld: monitors.cpp:(.text+0x902): undefined reference to `delwin'
/usr/bin/ld: .smake/build/monitors.o:monitors.cpp:(.text+0x912): more undefined references to `delwin' follow
/usr/bin/ld: .smake/build/monitors.o: in function `mercury::tui::_tui_struct::deinit()':
monitors.cpp:(.text+0x917): undefined reference to `endwin'
/usr/bin/ld: .smake/build/monitors.o: in function `mercury::tui::_tui_struct::update()':
monitors.cpp:(.text+0x950): undefined reference to `box'
/usr/bin/ld: monitors.cpp:(.text+0x976): undefined reference to `mvwprintw'
/usr/bin/ld: monitors.cpp:(.text+0x99c): undefined reference to `mvwprintw'
/usr/bin/ld: monitors.cpp:(.text+0x9c2): undefined reference to `mvwprintw'
/usr/bin/ld: monitors.cpp:(.text+0x9e8): undefined reference to `mvwprintw'
/usr/bin/ld: monitors.cpp:(.text+0xa0e): undefined reference to `mvwprintw'
/usr/bin/ld: monitors.cpp:(.text+0xa1e): undefined reference to `wrefresh'
/usr/bin/ld: .smake/build/monitors.o: in function `mercury::tui::_tui_struct::update_logs()':
monitors.cpp:(.text+0xa63): undefined reference to `prefresh'
/usr/bin/ld: .smake/build/monitors.o: in function `mercury::tui::_tui_struct::update_fps(float)':
monitors.cpp:(.text+0xc1c): undefined reference to `box'
/usr/bin/ld: monitors.cpp:(.text+0xc48): undefined reference to `mvwprintw'
/usr/bin/ld: monitors.cpp:(.text+0xc86): undefined reference to `mvwprintw'
/usr/bin/ld: monitors.cpp:(.text+0xcca): undefined reference to `mvwprintw'
/usr/bin/ld: monitors.cpp:(.text+0xce6): undefined reference to `wrefresh'
/usr/bin/ld: .smake/build/monitors.o: in function `mercury::tui::_tui_struct::input()':
monitors.cpp:(.text+0xd42): undefined reference to `wgetch'
/usr/bin/ld: monitors.cpp:(.text+0xd9a): undefined reference to `wscrl'
/usr/bin/ld: monitors.cpp:(.text+0xdb1): undefined reference to `wscrl'
/usr/bin/ld: .smake/build/monitors.o: in function `mercury::wbuffer::sync()':
monitors.cpp:(.text._ZN7mercury7wbuffer4syncEv[_ZN7mercury7wbuffer4syncEv]+0x3b): undefined reference to `wprintw'
/usr/bin/ld: .smake/build/physics.o: in function `mercury::physics::Daemon::Daemon()':
physics.cpp:(.text+0x56): undefined reference to `btDefaultCollisionConfiguration::btDefaultCollisionConfiguration(btDefaultCollisionConstructionInfo const&)'
/usr/bin/ld: physics.cpp:(.text+0x7c): undefined reference to `btCollisionDispatcher::btCollisionDispatcher(btCollisionConfiguration*)'
/usr/bin/ld: physics.cpp:(.text+0x9e): undefined reference to `btDbvtBroadphase::btDbvtBroadphase(btOverlappingPairCache*)'
/usr/bin/ld: physics.cpp:(.text+0xbb): undefined reference to `btSequentialImpulseConstraintSolver::btSequentialImpulseConstraintSolver()'
/usr/bin/ld: physics.cpp:(.text+0xfd): undefined reference to `btDiscreteDynamicsWorld::btDiscreteDynamicsWorld(btDispatcher*, btBroadphaseInterface*, btConstraintSolver*, btCollisionConfiguration*)'
/usr/bin/ld: .smake/build/physics.o: in function `mercury::physics::Daemon::add(mercury::physics::CollisionObject)':
physics.cpp:(.text+0x423): undefined reference to `btRigidBody::btRigidBody(btRigidBody::btRigidBodyConstructionInfo const&)'
/usr/bin/ld: .smake/build/physics.o: in function `btCollisionObject::operator new(unsigned long)':
physics.cpp:(.text._ZN17btCollisionObjectnwEm[_ZN17btCollisionObjectnwEm]+0x1d): undefined reference to `btAlignedAllocInternal(unsigned long, int)'
/usr/bin/ld: .smake/build/physics.o: in function `btCollisionObject::operator delete(void*)':
physics.cpp:(.text._ZN17btCollisionObjectdlEPv[_ZN17btCollisionObjectdlEPv]+0x18): undefined reference to `btAlignedFreeInternal(void*)'
/usr/bin/ld: .smake/build/physics.o: in function `btDefaultMotionState::operator new(unsigned long)':
physics.cpp:(.text._ZN20btDefaultMotionStatenwEm[_ZN20btDefaultMotionStatenwEm]+0x1d): undefined reference to `btAlignedAllocInternal(unsigned long, int)'
/usr/bin/ld: .smake/build/physics.o: in function `btDefaultMotionState::operator delete(void*)':
physics.cpp:(.text._ZN20btDefaultMotionStatedlEPv[_ZN20btDefaultMotionStatedlEPv]+0x18): undefined reference to `btAlignedFreeInternal(void*)'
/usr/bin/ld: .smake/build/physics.o: in function `btDiscreteDynamicsWorld::operator new(unsigned long)':
physics.cpp:(.text._ZN23btDiscreteDynamicsWorldnwEm[_ZN23btDiscreteDynamicsWorldnwEm]+0x1d): undefined reference to `btAlignedAllocInternal(unsigned long, int)'
/usr/bin/ld: .smake/build/physics.o: in function `btDiscreteDynamicsWorld::operator delete(void*)':
physics.cpp:(.text._ZN23btDiscreteDynamicsWorlddlEPv[_ZN23btDiscreteDynamicsWorlddlEPv]+0x18): undefined reference to `btAlignedFreeInternal(void*)'
/usr/bin/ld: .smake/build/physics.o: in function `btSequentialImpulseConstraintSolver::operator new(unsigned long)':
physics.cpp:(.text._ZN35btSequentialImpulseConstraintSolvernwEm[_ZN35btSequentialImpulseConstraintSolvernwEm]+0x1d): undefined reference to `btAlignedAllocInternal(unsigned long, int)'
/usr/bin/ld: .smake/build/physics.o: in function `btSequentialImpulseConstraintSolver::operator delete(void*)':
physics.cpp:(.text._ZN35btSequentialImpulseConstraintSolverdlEPv[_ZN35btSequentialImpulseConstraintSolverdlEPv]+0x18): undefined reference to `btAlignedFreeInternal(void*)'
/usr/bin/ld: .smake/build/physics.o: in function `btAlignedAllocator<int, 16u>::deallocate(int*)':
physics.cpp:(.text._ZN18btAlignedAllocatorIiLj16EE10deallocateEPi[_ZN18btAlignedAllocatorIiLj16EE10deallocateEPi]+0x1c): undefined reference to `btAlignedFreeInternal(void*)'
/usr/bin/ld: .smake/build/physics.o: in function `btAlignedAllocator<btHashInt, 16u>::deallocate(btHashInt*)':
physics.cpp:(.text._ZN18btAlignedAllocatorI9btHashIntLj16EE10deallocateEPS0_[_ZN18btAlignedAllocatorI9btHashIntLj16EE10deallocateEPS0_]+0x1c): undefined reference to `btAlignedFreeInternal(void*)'
/usr/bin/ld: .smake/build/physics.o: in function `btAlignedAllocator<btTriangleInfo, 16u>::deallocate(btTriangleInfo*)':
physics.cpp:(.text._ZN18btAlignedAllocatorI14btTriangleInfoLj16EE10deallocateEPS0_[_ZN18btAlignedAllocatorI14btTriangleInfoLj16EE10deallocateEPS0_]+0x1c): undefined reference to `btAlignedFreeInternal(void*)'
/usr/bin/ld: .smake/build/physics.o:(.data.rel.ro._ZTV17btTypedConstraint[_ZTV17btTypedConstraint]+0x60): undefined reference to `btTypedConstraint::serialize(void*, btSerializer*) const'
/usr/bin/ld: .smake/build/glad.o: in function `open_gl()':
glad.c:(.text+0x3f): undefined reference to `dlopen'
/usr/bin/ld: glad.c:(.text+0x68): undefined reference to `dlsym'
/usr/bin/ld: .smake/build/glad.o: in function `close_gl()':
glad.c:(.text+0xb1): undefined reference to `dlclose'
/usr/bin/ld: .smake/build/glad.o: in function `get_proc(char const*)':
glad.c:(.text+0x127): undefined reference to `dlsym'
collect2: error: ld returned 1 exit status
